# JRE version: OpenJDK Runtime Environment AdoptOpenJDK (11.0.10+9) (build 11.0.10+9)
# Java VM: OpenJDK 64-Bit Server VM AdoptOpenJDK (11.0.10+9, mixed mode, tiered, compressed oops, g1 gc, windows-amd64)
Heap:
 garbage-first heap   total 158720K, used 43929K [0x0000000081800000, 0x0000000100000000)
  region size 1024K, 36 young (36864K), 8 survivors (8192K)
 Metaspace       used 47552K, capacity 48630K, committed 48896K, reserved 1091584K
  class space    used 5858K, capacity 6310K, committed 6400K, reserved 1048576K
GC Heap History (14 events):
Event: 1.716 GC heap before
{Heap before GC invocations=0 (full 0):
 garbage-first heap   total 131072K, used 14336K [0x0000000081800000, 0x0000000100000000)
  region size 1024K, 14 young (14336K), 0 survivors (0K)
 Metaspace       used 9372K, capacity 9516K, committed 9600K, reserved 1058816K
  class space    used 839K, capacity 874K, committed 896K, reserved 1048576K
}
Event: 1.776 GC heap after
{Heap after GC invocations=1 (full 0):
 garbage-first heap   total 131072K, used 6054K [0x0000000081800000, 0x0000000100000000)
  region size 1024K, 2 young (2048K), 2 survivors (2048K)
 Metaspace       used 9372K, capacity 9516K, committed 9600K, reserved 1058816K
  class space    used 839K, capacity 874K, committed 896K, reserved 1048576K
}
Event: 5.368 GC heap before
{Heap before GC invocations=1 (full 0):
 garbage-first heap   total 131072K, used 53158K [0x0000000081800000, 0x0000000100000000)
  region size 1024K, 50 young (51200K), 2 survivors (2048K)
 Metaspace       used 20782K, capacity 21219K, committed 21248K, reserved 1069056K
  class space    used 2365K, capacity 2543K, committed 2560K, reserved 1048576K
}
Event: 5.388 GC heap after
{Heap after GC invocations=2 (full 0):
 garbage-first heap   total 131072K, used 8867K [0x0000000081800000, 0x0000000100000000)
  region size 1024K, 5 young (5120K), 5 survivors (5120K)
 Metaspace       used 20782K, capacity 21219K, committed 21248K, reserved 1069056K
  class space    used 2365K, capacity 2543K, committed 2560K, reserved 1048576K
}
Event: 5.768 GC heap before
{Heap before GC invocations=3 (full 0):
 garbage-first heap   total 131072K, used 21155K [0x0000000081800000, 0x0000000100000000)
  region size 1024K, 17 young (17408K), 5 survivors (5120K)
 Metaspace       used 22294K, capacity 22819K, committed 23040K, reserved 1069056K
  class space    used 2594K, capacity 2796K, committed 2816K, reserved 1048576K
}
Event: 5.785 GC heap after
{Heap after GC invocations=4 (full 0):
 garbage-first heap   total 131072K, used 9408K [0x0000000081800000, 0x0000000100000000)
  region size 1024K, 1 young (1024K), 1 survivors (1024K)
 Metaspace       used 22294K, capacity 22819K, committed 23040K, reserved 1069056K
  class space    used 2594K, capacity 2796K, committed 2816K, reserved 1048576K
}
Event: 6.381 GC heap before
{Heap before GC invocations=4 (full 0):
 garbage-first heap   total 131072K, used 56512K [0x0000000081800000, 0x0000000100000000)
  region size 1024K, 48 young (49152K), 1 survivors (1024K)
 Metaspace       used 24300K, capacity 24885K, committed 25088K, reserved 1071104K
  class space    used 2794K, capacity 3021K, committed 3072K, reserved 1048576K
}
Event: 6.385 GC heap after
{Heap after GC invocations=5 (full 0):
 garbage-first heap   total 131072K, used 10095K [0x0000000081800000, 0x0000000100000000)
  region size 1024K, 2 young (2048K), 2 survivors (2048K)
 Metaspace       used 24300K, capacity 24885K, committed 25088K, reserved 1071104K
  class space    used 2794K, capacity 3021K, committed 3072K, reserved 1048576K
}
Event: 10.190 GC heap before
{Heap before GC invocations=5 (full 0):
 garbage-first heap   total 131072K, used 67439K [0x0000000081800000, 0x0000000100000000)
  region size 1024K, 58 young (59392K), 2 survivors (2048K)
 Metaspace       used 31365K, capacity 32144K, committed 32256K, reserved 1077248K
  class space    used 3650K, capacity 3985K, committed 4096K, reserved 1048576K
}
Event: 10.210 GC heap after
{Heap after GC invocations=6 (full 0):
 garbage-first heap   total 131072K, used 12065K [0x0000000081800000, 0x0000000100000000)
  region size 1024K, 4 young (4096K), 4 survivors (4096K)
 Metaspace       used 31365K, capacity 32144K, committed 32256K, reserved 1077248K
  class space    used 3650K, capacity 3985K, committed 4096K, reserved 1048576K
}
Event: 11.800 GC heap before
{Heap before GC invocations=6 (full 0):
 garbage-first heap   total 131072K, used 34593K [0x0000000081800000, 0x0000000100000000)
  region size 1024K, 27 young (27648K), 4 survivors (4096K)
 Metaspace       used 34863K, capacity 35735K, committed 35840K, reserved 1081344K
  class space    used 4125K, capacity 4468K, committed 4480K, reserved 1048576K
}
Event: 11.819 GC heap after
{Heap after GC invocations=7 (full 0):
 garbage-first heap   total 158720K, used 13685K [0x0000000081800000, 0x0000000100000000)
  region size 1024K, 5 young (5120K), 5 survivors (5120K)
 Metaspace       used 34863K, capacity 35735K, committed 35840K, reserved 1081344K
  class space    used 4125K, capacity 4468K, committed 4480K, reserved 1048576K
}
Event: 17.824 GC heap before
{Heap before GC invocations=8 (full 0):
 garbage-first heap   total 158720K, used 99701K [0x0000000081800000, 0x0000000100000000)
  region size 1024K, 90 young (92160K), 5 survivors (5120K)
 Metaspace       used 42092K, capacity 43195K, committed 43520K, reserved 1087488K
  class space    used 5087K, capacity 5547K, committed 5632K, reserved 1048576K
}
Event: 17.856 GC heap after
{Heap after GC invocations=9 (full 0):
 garbage-first heap   total 158720K, used 16281K [0x0000000081800000, 0x0000000100000000)
  region size 1024K, 8 young (8192K), 8 survivors (8192K)
 Metaspace       used 42092K, capacity 43195K, committed 43520K, reserved 1087488K
  class space    used 5087K, capacity 5547K, committed 5632K, reserved 1048576K
}

