# JRE version: OpenJDK Runtime Environment AdoptOpenJDK (11.0.10+9) (build 11.0.10+9)
# Java VM: OpenJDK 64-Bit Server VM AdoptOpenJDK (11.0.10+9, mixed mode, tiered, compressed oops, g1 gc, windows-amd64)
Heap:
 garbage-first heap   total 157696K, used 57491K [0x0000000081800000, 0x0000000100000000)
  region size 1024K, 48 young (49152K), 6 survivors (6144K)
 Metaspace       used 44705K, capacity 45790K, committed 46080K, reserved 1089536K
  class space    used 5576K, capacity 6018K, committed 6144K, reserved 1048576K
GC Heap History (14 events):
Event: 1.802 GC heap before
{Heap before GC invocations=0 (full 0):
 garbage-first heap   total 131072K, used 14336K [0x0000000081800000, 0x0000000100000000)
  region size 1024K, 14 young (14336K), 0 survivors (0K)
 Metaspace       used 9354K, capacity 9521K, committed 9600K, reserved 1058816K
  class space    used 847K, capacity 877K, committed 896K, reserved 1048576K
}
Event: 1.819 GC heap after
{Heap after GC invocations=1 (full 0):
 garbage-first heap   total 131072K, used 6037K [0x0000000081800000, 0x0000000100000000)
  region size 1024K, 2 young (2048K), 2 survivors (2048K)
 Metaspace       used 9354K, capacity 9521K, committed 9600K, reserved 1058816K
  class space    used 847K, capacity 877K, committed 896K, reserved 1048576K
}
Event: 5.846 GC heap before
{Heap before GC invocations=1 (full 0):
 garbage-first heap   total 131072K, used 53141K [0x0000000081800000, 0x0000000100000000)
  region size 1024K, 49 young (50176K), 2 survivors (2048K)
 Metaspace       used 20613K, capacity 21076K, committed 21248K, reserved 1069056K
  class space    used 2365K, capacity 2545K, committed 2560K, reserved 1048576K
}
Event: 5.883 GC heap after
{Heap after GC invocations=2 (full 0):
 garbage-first heap   total 131072K, used 8926K [0x0000000081800000, 0x0000000100000000)
  region size 1024K, 5 young (5120K), 5 survivors (5120K)
 Metaspace       used 20613K, capacity 21076K, committed 21248K, reserved 1069056K
  class space    used 2365K, capacity 2545K, committed 2560K, reserved 1048576K
}
Event: 6.353 GC heap before
{Heap before GC invocations=3 (full 0):
 garbage-first heap   total 131072K, used 20190K [0x0000000081800000, 0x0000000100000000)
  region size 1024K, 17 young (17408K), 5 survivors (5120K)
 Metaspace       used 22018K, capacity 22543K, committed 22784K, reserved 1069056K
  class space    used 2592K, capacity 2796K, committed 2816K, reserved 1048576K
}
Event: 6.377 GC heap after
{Heap after GC invocations=4 (full 0):
 garbage-first heap   total 131072K, used 9564K [0x0000000081800000, 0x0000000100000000)
  region size 1024K, 1 young (1024K), 1 survivors (1024K)
 Metaspace       used 22018K, capacity 22543K, committed 22784K, reserved 1069056K
  class space    used 2592K, capacity 2796K, committed 2816K, reserved 1048576K
}
Event: 7.103 GC heap before
{Heap before GC invocations=4 (full 0):
 garbage-first heap   total 131072K, used 52572K [0x0000000081800000, 0x0000000100000000)
  region size 1024K, 44 young (45056K), 1 survivors (1024K)
 Metaspace       used 23771K, capacity 24351K, committed 24576K, reserved 1071104K
  class space    used 2783K, capacity 3021K, committed 3072K, reserved 1048576K
}
Event: 7.107 GC heap after
{Heap after GC invocations=5 (full 0):
 garbage-first heap   total 131072K, used 10038K [0x0000000081800000, 0x0000000100000000)
  region size 1024K, 2 young (2048K), 2 survivors (2048K)
 Metaspace       used 23771K, capacity 24351K, committed 24576K, reserved 1071104K
  class space    used 2783K, capacity 3021K, committed 3072K, reserved 1048576K
}
Event: 10.161 GC heap before
{Heap before GC invocations=5 (full 0):
 garbage-first heap   total 131072K, used 64310K [0x0000000081800000, 0x0000000100000000)
  region size 1024K, 56 young (57344K), 2 survivors (2048K)
 Metaspace       used 30178K, capacity 30967K, committed 31104K, reserved 1077248K
  class space    used 3532K, capacity 3857K, committed 3968K, reserved 1048576K
}
Event: 10.175 GC heap after
{Heap after GC invocations=6 (full 0):
 garbage-first heap   total 131072K, used 11767K [0x0000000081800000, 0x0000000100000000)
  region size 1024K, 3 young (3072K), 3 survivors (3072K)
 Metaspace       used 30178K, capacity 30967K, committed 31104K, reserved 1077248K
  class space    used 3532K, capacity 3857K, committed 3968K, reserved 1048576K
}
Event: 13.249 GC heap before
{Heap before GC invocations=6 (full 0):
 garbage-first heap   total 131072K, used 41463K [0x0000000081800000, 0x0000000100000000)
  region size 1024K, 33 young (33792K), 3 survivors (3072K)
 Metaspace       used 34560K, capacity 35413K, committed 35584K, reserved 1081344K
  class space    used 4131K, capacity 4500K, committed 4608K, reserved 1048576K
}
Event: 13.272 GC heap after
{Heap after GC invocations=7 (full 0):
 garbage-first heap   total 131072K, used 13764K [0x0000000081800000, 0x0000000100000000)
  region size 1024K, 5 young (5120K), 5 survivors (5120K)
 Metaspace       used 34560K, capacity 35413K, committed 35584K, reserved 1081344K
  class space    used 4131K, capacity 4500K, committed 4608K, reserved 1048576K
}
Event: 15.508 GC heap before
{Heap before GC invocations=8 (full 0):
 garbage-first heap   total 131072K, used 72132K [0x0000000081800000, 0x0000000100000000)
  region size 1024K, 63 young (64512K), 5 survivors (5120K)
 Metaspace       used 38053K, capacity 39139K, committed 39296K, reserved 1083392K
  class space    used 4545K, capacity 4952K, committed 4992K, reserved 1048576K
}
Event: 15.537 GC heap after
{Heap after GC invocations=9 (full 0):
 garbage-first heap   total 157696K, used 15507K [0x0000000081800000, 0x0000000100000000)
  region size 1024K, 6 young (6144K), 6 survivors (6144K)
 Metaspace       used 38053K, capacity 39139K, committed 39296K, reserved 1083392K
  class space    used 4545K, capacity 4952K, committed 4992K, reserved 1048576K
}

