# JRE version: Java(TM) SE Runtime Environment (14.0.1+7) (build 14.0.1+7)
# Java VM: Java HotSpot(TM) 64-Bit Server VM (14.0.1+7, mixed mode, sharing, tiered, compressed oops, g1 gc, windows-amd64)
Heap:
 garbage-first heap   total 70656K, used 35954K [0x0000000083200000, 0x0000000100000000)
  region size 1024K, 10 young (10240K), 3 survivors (3072K)
 Metaspace       used 58611K, capacity 60098K, committed 60208K, reserved 1101824K
  class space    used 7634K, capacity 8224K, committed 8320K, reserved 1048576K
GC Heap History (20 events):
Event: 5.043 GC heap before
{Heap before GC invocations=11 (full 0):
 garbage-first heap   total 58368K, used 44853K [0x0000000083200000, 0x0000000100000000)
  region size 1024K, 29 young (29696K), 2 survivors (2048K)
 Metaspace       used 32100K, capacity 33074K, committed 33200K, reserved 1077248K
  class space    used 4102K, capacity 4500K, committed 4608K, reserved 1048576K
}
Event: 5.047 GC heap after
{Heap after GC invocations=12 (full 0):
 garbage-first heap   total 58368K, used 18574K [0x0000000083200000, 0x0000000100000000)
  region size 1024K, 2 young (2048K), 2 survivors (2048K)
 Metaspace       used 32100K, capacity 33074K, committed 33200K, reserved 1077248K
  class space    used 4102K, capacity 4500K, committed 4608K, reserved 1048576K
}
Event: 5.390 GC heap before
{Heap before GC invocations=12 (full 0):
 garbage-first heap   total 58368K, used 38030K [0x0000000083200000, 0x0000000100000000)
  region size 1024K, 22 young (22528K), 2 survivors (2048K)
 Metaspace       used 34719K, capacity 35742K, committed 35888K, reserved 1081344K
  class space    used 4482K, capacity 4899K, committed 4992K, reserved 1048576K
}
Event: 5.393 GC heap after
{Heap after GC invocations=13 (full 0):
 garbage-first heap   total 58368K, used 19112K [0x0000000083200000, 0x0000000100000000)
  region size 1024K, 3 young (3072K), 3 survivors (3072K)
 Metaspace       used 34719K, capacity 35742K, committed 35888K, reserved 1081344K
  class space    used 4482K, capacity 4899K, committed 4992K, reserved 1048576K
}
Event: 6.030 GC heap before
{Heap before GC invocations=14 (full 0):
 garbage-first heap   total 58368K, used 46760K [0x0000000083200000, 0x0000000100000000)
  region size 1024K, 30 young (30720K), 3 survivors (3072K)
 Metaspace       used 39829K, capacity 40856K, committed 41008K, reserved 1085440K
  class space    used 5258K, capacity 5664K, committed 5760K, reserved 1048576K
}
Event: 6.038 GC heap after
{Heap after GC invocations=15 (full 0):
 garbage-first heap   total 58368K, used 20405K [0x0000000083200000, 0x0000000100000000)
  region size 1024K, 4 young (4096K), 4 survivors (4096K)
 Metaspace       used 39829K, capacity 40856K, committed 41008K, reserved 1085440K
  class space    used 5258K, capacity 5664K, committed 5760K, reserved 1048576K
}
Event: 6.914 GC heap before
{Heap before GC invocations=15 (full 0):
 garbage-first heap   total 58368K, used 47029K [0x0000000083200000, 0x0000000100000000)
  region size 1024K, 30 young (30720K), 4 survivors (4096K)
 Metaspace       used 43626K, capacity 44828K, committed 45104K, reserved 1087488K
  class space    used 5718K, capacity 6166K, committed 6272K, reserved 1048576K
}
Event: 6.931 GC heap after
{Heap after GC invocations=16 (full 0):
 garbage-first heap   total 58368K, used 22373K [0x0000000083200000, 0x0000000100000000)
  region size 1024K, 4 young (4096K), 4 survivors (4096K)
 Metaspace       used 43626K, capacity 44828K, committed 45104K, reserved 1087488K
  class space    used 5718K, capacity 6166K, committed 6272K, reserved 1048576K
}
Event: 7.367 GC heap before
{Heap before GC invocations=16 (full 0):
 garbage-first heap   total 58368K, used 46949K [0x0000000083200000, 0x0000000100000000)
  region size 1024K, 29 young (29696K), 4 survivors (4096K)
 Metaspace       used 45934K, capacity 47157K, committed 47408K, reserved 1089536K
  class space    used 5984K, capacity 6449K, committed 6528K, reserved 1048576K
}
Event: 7.371 GC heap after
{Heap after GC invocations=17 (full 0):
 garbage-first heap   total 70656K, used 23210K [0x0000000083200000, 0x0000000100000000)
  region size 1024K, 3 young (3072K), 3 survivors (3072K)
 Metaspace       used 45934K, capacity 47157K, committed 47408K, reserved 1089536K
  class space    used 5984K, capacity 6449K, committed 6528K, reserved 1048576K
}
Event: 8.220 GC heap before
{Heap before GC invocations=17 (full 0):
 garbage-first heap   total 70656K, used 58026K [0x0000000083200000, 0x0000000100000000)
  region size 1024K, 37 young (37888K), 3 survivors (3072K)
 Metaspace       used 48924K, capacity 50171K, committed 50480K, reserved 1093632K
  class space    used 6498K, capacity 6978K, committed 7040K, reserved 1048576K
}
Event: 8.236 GC heap after
{Heap after GC invocations=18 (full 0):
 garbage-first heap   total 70656K, used 24193K [0x0000000083200000, 0x0000000100000000)
  region size 1024K, 2 young (2048K), 2 survivors (2048K)
 Metaspace       used 48924K, capacity 50171K, committed 50480K, reserved 1093632K
  class space    used 6498K, capacity 6978K, committed 7040K, reserved 1048576K
}
Event: 11.007 GC heap before
{Heap before GC invocations=18 (full 0):
 garbage-first heap   total 70656K, used 59009K [0x0000000083200000, 0x0000000100000000)
  region size 1024K, 36 young (36864K), 2 survivors (2048K)
 Metaspace       used 51371K, capacity 52591K, committed 52784K, reserved 1095680K
  class space    used 6779K, capacity 7248K, committed 7296K, reserved 1048576K
}
Event: 11.010 GC heap after
{Heap after GC invocations=19 (full 0):
 garbage-first heap   total 70656K, used 25040K [0x0000000083200000, 0x0000000100000000)
  region size 1024K, 3 young (3072K), 3 survivors (3072K)
 Metaspace       used 51371K, capacity 52591K, committed 52784K, reserved 1095680K
  class space    used 6779K, capacity 7248K, committed 7296K, reserved 1048576K
}
Event: 11.502 GC heap before
{Heap before GC invocations=19 (full 0):
 garbage-first heap   total 70656K, used 58832K [0x0000000083200000, 0x0000000100000000)
  region size 1024K, 36 young (36864K), 3 survivors (3072K)
 Metaspace       used 54389K, capacity 55824K, committed 55984K, reserved 1097728K
  class space    used 7147K, capacity 7679K, committed 7680K, reserved 1048576K
}
Event: 11.506 GC heap after
{Heap after GC invocations=20 (full 0):
 garbage-first heap   total 70656K, used 27070K [0x0000000083200000, 0x0000000100000000)
  region size 1024K, 5 young (5120K), 5 survivors (5120K)
 Metaspace       used 54389K, capacity 55824K, committed 55984K, reserved 1097728K
  class space    used 7147K, capacity 7679K, committed 7680K, reserved 1048576K
}
Event: 11.896 GC heap before
{Heap before GC invocations=20 (full 0):
 garbage-first heap   total 70656K, used 57790K [0x0000000083200000, 0x0000000100000000)
  region size 1024K, 35 young (35840K), 5 survivors (5120K)
 Metaspace       used 56425K, capacity 57876K, committed 58032K, reserved 1099776K
  class space    used 7356K, capacity 7897K, committed 7936K, reserved 1048576K
}
Event: 11.902 GC heap after
{Heap after GC invocations=21 (full 0):
 garbage-first heap   total 70656K, used 28473K [0x0000000083200000, 0x0000000100000000)
  region size 1024K, 4 young (4096K), 4 survivors (4096K)
 Metaspace       used 56425K, capacity 57876K, committed 58032K, reserved 1099776K
  class space    used 7356K, capacity 7897K, committed 7936K, reserved 1048576K
}
Event: 12.295 GC heap before
{Heap before GC invocations=21 (full 0):
 garbage-first heap   total 70656K, used 58169K [0x0000000083200000, 0x0000000100000000)
  region size 1024K, 33 young (33792K), 4 survivors (4096K)
 Metaspace       used 58318K, capacity 59852K, committed 60080K, reserved 1101824K
  class space    used 7601K, capacity 8186K, committed 8192K, reserved 1048576K
}
Event: 12.299 GC heap after
{Heap after GC invocations=22 (full 0):
 garbage-first heap   total 70656K, used 29810K [0x0000000083200000, 0x0000000100000000)
  region size 1024K, 3 young (3072K), 3 survivors (3072K)
 Metaspace       used 58318K, capacity 59852K, committed 60080K, reserved 1101824K
  class space    used 7601K, capacity 8186K, committed 8192K, reserved 1048576K
}

