# JRE version: OpenJDK Runtime Environment AdoptOpenJDK (11.0.10+9) (build 11.0.10+9)
# Java VM: OpenJDK 64-Bit Server VM AdoptOpenJDK (11.0.10+9, mixed mode, tiered, compressed oops, g1 gc, windows-amd64)
Heap:
 garbage-first heap   total 131072K, used 40849K [0x0000000081800000, 0x0000000100000000)
  region size 1024K, 36 young (36864K), 4 survivors (4096K)
 Metaspace       used 25345K, capacity 25911K, committed 25984K, reserved 1073152K
  class space    used 2920K, capacity 3156K, committed 3200K, reserved 1048576K
GC Heap History (10 events):
Event: 3.343 GC heap before
{Heap before GC invocations=0 (full 0):
 garbage-first heap   total 131072K, used 14336K [0x0000000081800000, 0x0000000100000000)
  region size 1024K, 14 young (14336K), 0 survivors (0K)
 Metaspace       used 9357K, capacity 9521K, committed 9600K, reserved 1058816K
  class space    used 847K, capacity 877K, committed 896K, reserved 1048576K
}
Event: 3.379 GC heap after
{Heap after GC invocations=1 (full 0):
 garbage-first heap   total 131072K, used 5973K [0x0000000081800000, 0x0000000100000000)
  region size 1024K, 2 young (2048K), 2 survivors (2048K)
 Metaspace       used 9357K, capacity 9521K, committed 9600K, reserved 1058816K
  class space    used 847K, capacity 877K, committed 896K, reserved 1048576K
}
Event: 7.301 GC heap before
{Heap before GC invocations=1 (full 0):
 garbage-first heap   total 131072K, used 18261K [0x0000000081800000, 0x0000000100000000)
  region size 1024K, 14 young (14336K), 2 survivors (2048K)
 Metaspace       used 13479K, capacity 13769K, committed 14080K, reserved 1062912K
  class space    used 1343K, capacity 1429K, committed 1536K, reserved 1048576K
}
Event: 7.320 GC heap after
{Heap after GC invocations=2 (full 0):
 garbage-first heap   total 131072K, used 6905K [0x0000000081800000, 0x0000000100000000)
  region size 1024K, 1 young (1024K), 1 survivors (1024K)
 Metaspace       used 13479K, capacity 13769K, committed 14080K, reserved 1062912K
  class space    used 1343K, capacity 1429K, committed 1536K, reserved 1048576K
}
Event: 12.603 GC heap before
{Heap before GC invocations=2 (full 0):
 garbage-first heap   total 131072K, used 32505K [0x0000000081800000, 0x0000000100000000)
  region size 1024K, 26 young (26624K), 1 survivors (1024K)
 Metaspace       used 19288K, capacity 19784K, committed 20096K, reserved 1067008K
  class space    used 2137K, capacity 2327K, committed 2432K, reserved 1048576K
}
Event: 13.023 GC heap after
{Heap after GC invocations=3 (full 0):
 garbage-first heap   total 131072K, used 8437K [0x0000000081800000, 0x0000000100000000)
  region size 1024K, 3 young (3072K), 3 survivors (3072K)
 Metaspace       used 19288K, capacity 19784K, committed 20096K, reserved 1067008K
  class space    used 2137K, capacity 2327K, committed 2432K, reserved 1048576K
}
Event: 14.021 GC heap before
{Heap before GC invocations=3 (full 0):
 garbage-first heap   total 131072K, used 18677K [0x0000000081800000, 0x0000000100000000)
  region size 1024K, 14 young (14336K), 3 survivors (3072K)
 Metaspace       used 20629K, capacity 21140K, committed 21248K, reserved 1069056K
  class space    used 2366K, capacity 2545K, committed 2560K, reserved 1048576K
}
Event: 14.035 GC heap after
{Heap after GC invocations=4 (full 0):
 garbage-first heap   total 131072K, used 8974K [0x0000000081800000, 0x0000000100000000)
  region size 1024K, 3 young (3072K), 3 survivors (3072K)
 Metaspace       used 20629K, capacity 21140K, committed 21248K, reserved 1069056K
  class space    used 2366K, capacity 2545K, committed 2560K, reserved 1048576K
}
Event: 15.372 GC heap before
{Heap before GC invocations=5 (full 0):
 garbage-first heap   total 131072K, used 45838K [0x0000000081800000, 0x0000000100000000)
  region size 1024K, 40 young (40960K), 3 survivors (3072K)
 Metaspace       used 23808K, capacity 24350K, committed 24576K, reserved 1071104K
  class space    used 2778K, capacity 3021K, committed 3072K, reserved 1048576K
}
Event: 15.387 GC heap after
{Heap after GC invocations=6 (full 0):
 garbage-first heap   total 131072K, used 10129K [0x0000000081800000, 0x0000000100000000)
  region size 1024K, 4 young (4096K), 4 survivors (4096K)
 Metaspace       used 23808K, capacity 24350K, committed 24576K, reserved 1071104K
  class space    used 2778K, capacity 3021K, committed 3072K, reserved 1048576K
}

