# JRE version: OpenJDK Runtime Environment AdoptOpenJDK (11.0.10+9) (build 11.0.10+9)
# Java VM: OpenJDK 64-Bit Server VM AdoptOpenJDK (11.0.10+9, mixed mode, tiered, compressed oops, g1 gc, windows-amd64)
Heap:
 garbage-first heap   total 160768K, used 18116K [0x0000000081800000, 0x0000000100000000)
  region size 1024K, 13 young (13312K), 8 survivors (8192K)
 Metaspace       used 35419K, capacity 36376K, committed 36608K, reserved 1081344K
  class space    used 4242K, capacity 4639K, committed 4736K, reserved 1048576K
GC Heap History (14 events):
Event: 2.006 GC heap before
{Heap before GC invocations=0 (full 0):
 garbage-first heap   total 131072K, used 14336K [0x0000000081800000, 0x0000000100000000)
  region size 1024K, 14 young (14336K), 0 survivors (0K)
 Metaspace       used 9409K, capacity 9516K, committed 9600K, reserved 1058816K
  class space    used 840K, capacity 874K, committed 896K, reserved 1048576K
}
Event: 2.046 GC heap after
{Heap after GC invocations=1 (full 0):
 garbage-first heap   total 131072K, used 5976K [0x0000000081800000, 0x0000000100000000)
  region size 1024K, 2 young (2048K), 2 survivors (2048K)
 Metaspace       used 9409K, capacity 9516K, committed 9600K, reserved 1058816K
  class space    used 840K, capacity 874K, committed 896K, reserved 1048576K
}
Event: 2.743 GC heap before
{Heap before GC invocations=1 (full 0):
 garbage-first heap   total 131072K, used 15192K [0x0000000081800000, 0x0000000100000000)
  region size 1024K, 11 young (11264K), 2 survivors (2048K)
 Metaspace       used 11988K, capacity 12224K, committed 12288K, reserved 1060864K
  class space    used 1183K, capacity 1251K, committed 1280K, reserved 1048576K
}
Event: 2.750 GC heap after
{Heap after GC invocations=2 (full 0):
 garbage-first heap   total 131072K, used 6831K [0x0000000081800000, 0x0000000100000000)
  region size 1024K, 1 young (1024K), 1 survivors (1024K)
 Metaspace       used 11988K, capacity 12224K, committed 12288K, reserved 1060864K
  class space    used 1183K, capacity 1251K, committed 1280K, reserved 1048576K
}
Event: 4.563 GC heap before
{Heap before GC invocations=2 (full 0):
 garbage-first heap   total 131072K, used 32431K [0x0000000081800000, 0x0000000100000000)
  region size 1024K, 26 young (26624K), 1 survivors (1024K)
 Metaspace       used 18940K, capacity 19354K, committed 19456K, reserved 1067008K
  class space    used 2065K, capacity 2224K, committed 2304K, reserved 1048576K
}
Event: 4.615 GC heap after
{Heap after GC invocations=3 (full 0):
 garbage-first heap   total 131072K, used 8415K [0x0000000081800000, 0x0000000100000000)
  region size 1024K, 3 young (3072K), 3 survivors (3072K)
 Metaspace       used 18940K, capacity 19354K, committed 19456K, reserved 1067008K
  class space    used 2065K, capacity 2224K, committed 2304K, reserved 1048576K
}
Event: 5.159 GC heap before
{Heap before GC invocations=3 (full 0):
 garbage-first heap   total 131072K, used 18655K [0x0000000081800000, 0x0000000100000000)
  region size 1024K, 14 young (14336K), 3 survivors (3072K)
 Metaspace       used 20705K, capacity 21192K, committed 21248K, reserved 1069056K
  class space    used 2325K, capacity 2513K, committed 2560K, reserved 1048576K
}
Event: 5.170 GC heap after
{Heap after GC invocations=4 (full 0):
 garbage-first heap   total 131072K, used 9056K [0x0000000081800000, 0x0000000100000000)
  region size 1024K, 3 young (3072K), 3 survivors (3072K)
 Metaspace       used 20705K, capacity 21192K, committed 21248K, reserved 1069056K
  class space    used 2325K, capacity 2513K, committed 2560K, reserved 1048576K
}
Event: 6.236 GC heap before
{Heap before GC invocations=5 (full 0):
 garbage-first heap   total 131072K, used 58208K [0x0000000081800000, 0x0000000100000000)
  region size 1024K, 52 young (53248K), 3 survivors (3072K)
 Metaspace       used 23409K, capacity 23972K, committed 24192K, reserved 1071104K
  class space    used 2713K, capacity 2927K, committed 2944K, reserved 1048576K
}
Event: 6.248 GC heap after
{Heap after GC invocations=6 (full 0):
 garbage-first heap   total 131072K, used 10238K [0x0000000081800000, 0x0000000100000000)
  region size 1024K, 4 young (4096K), 4 survivors (4096K)
 Metaspace       used 23409K, capacity 23972K, committed 24192K, reserved 1071104K
  class space    used 2713K, capacity 2927K, committed 2944K, reserved 1048576K
}
Event: 10.210 GC heap before
{Heap before GC invocations=6 (full 0):
 garbage-first heap   total 131072K, used 70654K [0x0000000081800000, 0x0000000100000000)
  region size 1024K, 64 young (65536K), 4 survivors (4096K)
 Metaspace       used 29970K, capacity 30697K, committed 30976K, reserved 1077248K
  class space    used 3470K, capacity 3759K, committed 3840K, reserved 1048576K
}
Event: 10.233 GC heap after
{Heap after GC invocations=7 (full 0):
 garbage-first heap   total 160768K, used 12005K [0x0000000081800000, 0x0000000100000000)
  region size 1024K, 6 young (6144K), 6 survivors (6144K)
 Metaspace       used 29970K, capacity 30697K, committed 30976K, reserved 1077248K
  class space    used 3470K, capacity 3759K, committed 3840K, reserved 1048576K
}
Event: 12.904 GC heap before
{Heap before GC invocations=7 (full 0):
 garbage-first heap   total 160768K, used 44773K [0x0000000081800000, 0x0000000100000000)
  region size 1024K, 39 young (39936K), 6 survivors (6144K)
 Metaspace       used 34843K, capacity 35735K, committed 35840K, reserved 1081344K
  class space    used 4125K, capacity 4468K, committed 4480K, reserved 1048576K
}
Event: 12.938 GC heap after
{Heap after GC invocations=8 (full 0):
 garbage-first heap   total 160768K, used 14020K [0x0000000081800000, 0x0000000100000000)
  region size 1024K, 8 young (8192K), 8 survivors (8192K)
 Metaspace       used 34843K, capacity 35735K, committed 35840K, reserved 1081344K
  class space    used 4125K, capacity 4468K, committed 4480K, reserved 1048576K
}

