# JRE version: OpenJDK Runtime Environment AdoptOpenJDK (11.0.10+9) (build 11.0.10+9)
# Java VM: OpenJDK 64-Bit Server VM AdoptOpenJDK (11.0.10+9, mixed mode, tiered, compressed oops, g1 gc, windows-amd64)
Heap:
 garbage-first heap   total 157696K, used 45594K [0x0000000081800000, 0x0000000100000000)
  region size 1024K, 30 young (30720K), 12 survivors (12288K)
 Metaspace       used 69886K, capacity 71554K, committed 71660K, reserved 1112064K
  class space    used 8752K, capacity 9420K, committed 9472K, reserved 1048576K
GC Heap History (20 events):
Event: 1.080 GC heap before
{Heap before GC invocations=0 (full 0):
 garbage-first heap   total 131072K, used 14336K [0x0000000081800000, 0x0000000100000000)
  region size 1024K, 14 young (14336K), 0 survivors (0K)
 Metaspace       used 9337K, capacity 9453K, committed 9600K, reserved 1058816K
  class space    used 847K, capacity 877K, committed 896K, reserved 1048576K
}
Event: 1.105 GC heap after
{Heap after GC invocations=1 (full 0):
 garbage-first heap   total 131072K, used 6097K [0x0000000081800000, 0x0000000100000000)
  region size 1024K, 2 young (2048K), 2 survivors (2048K)
 Metaspace       used 9337K, capacity 9453K, committed 9600K, reserved 1058816K
  class space    used 847K, capacity 877K, committed 896K, reserved 1048576K
}
Event: 4.109 GC heap before
{Heap before GC invocations=1 (full 0):
 garbage-first heap   total 131072K, used 53201K [0x0000000081800000, 0x0000000100000000)
  region size 1024K, 49 young (50176K), 2 survivors (2048K)
 Metaspace       used 20610K, capacity 21073K, committed 21248K, reserved 1069056K
  class space    used 2365K, capacity 2545K, committed 2560K, reserved 1048576K
}
Event: 4.133 GC heap after
{Heap after GC invocations=2 (full 0):
 garbage-first heap   total 131072K, used 9003K [0x0000000081800000, 0x0000000100000000)
  region size 1024K, 5 young (5120K), 5 survivors (5120K)
 Metaspace       used 20610K, capacity 21073K, committed 21248K, reserved 1069056K
  class space    used 2365K, capacity 2545K, committed 2560K, reserved 1048576K
}
Event: 5.783 GC heap before
{Heap before GC invocations=3 (full 0):
 garbage-first heap   total 131072K, used 31531K [0x0000000081800000, 0x0000000100000000)
  region size 1024K, 27 young (27648K), 5 survivors (5120K)
 Metaspace       used 23517K, capacity 24057K, committed 24320K, reserved 1071104K
  class space    used 2756K, capacity 2987K, committed 3072K, reserved 1048576K
}
Event: 5.801 GC heap after
{Heap after GC invocations=4 (full 0):
 garbage-first heap   total 131072K, used 10500K [0x0000000081800000, 0x0000000100000000)
  region size 1024K, 2 young (2048K), 2 survivors (2048K)
 Metaspace       used 23517K, capacity 24057K, committed 24320K, reserved 1071104K
  class space    used 2756K, capacity 2987K, committed 3072K, reserved 1048576K
}
Event: 6.380 GC heap before
{Heap before GC invocations=4 (full 0):
 garbage-first heap   total 131072K, used 58628K [0x0000000081800000, 0x0000000100000000)
  region size 1024K, 50 young (51200K), 2 survivors (2048K)
 Metaspace       used 25728K, capacity 26331K, committed 26496K, reserved 1073152K
  class space    used 2953K, capacity 3191K, committed 3200K, reserved 1048576K
}
Event: 6.384 GC heap after
{Heap after GC invocations=5 (full 0):
 garbage-first heap   total 131072K, used 10760K [0x0000000081800000, 0x0000000100000000)
  region size 1024K, 2 young (2048K), 2 survivors (2048K)
 Metaspace       used 25728K, capacity 26331K, committed 26496K, reserved 1073152K
  class space    used 2953K, capacity 3191K, committed 3200K, reserved 1048576K
}
Event: 10.034 GC heap before
{Heap before GC invocations=5 (full 0):
 garbage-first heap   total 131072K, used 73224K [0x0000000081800000, 0x0000000100000000)
  region size 1024K, 63 young (64512K), 2 survivors (2048K)
 Metaspace       used 33395K, capacity 34285K, committed 34304K, reserved 1079296K
  class space    used 3972K, capacity 4345K, committed 4352K, reserved 1048576K
}
Event: 10.048 GC heap after
{Heap after GC invocations=6 (full 0):
 garbage-first heap   total 131072K, used 13278K [0x0000000081800000, 0x0000000100000000)
  region size 1024K, 5 young (5120K), 5 survivors (5120K)
 Metaspace       used 33395K, capacity 34285K, committed 34304K, reserved 1079296K
  class space    used 3972K, capacity 4345K, committed 4352K, reserved 1048576K
}
Event: 10.585 GC heap before
{Heap before GC invocations=6 (full 0):
 garbage-first heap   total 131072K, used 20446K [0x0000000081800000, 0x0000000100000000)
  region size 1024K, 13 young (13312K), 5 survivors (5120K)
 Metaspace       used 34669K, capacity 35490K, committed 35628K, reserved 1081344K
  class space    used 4146K, capacity 4505K, committed 4608K, reserved 1048576K
}
Event: 10.600 GC heap after
{Heap after GC invocations=7 (full 0):
 garbage-first heap   total 131072K, used 14086K [0x0000000081800000, 0x0000000100000000)
  region size 1024K, 5 young (5120K), 5 survivors (5120K)
 Metaspace       used 34669K, capacity 35490K, committed 35628K, reserved 1081344K
  class space    used 4146K, capacity 4505K, committed 4608K, reserved 1048576K
}
Event: 12.715 GC heap before
{Heap before GC invocations=8 (full 0):
 garbage-first heap   total 131072K, used 81670K [0x0000000081800000, 0x0000000100000000)
  region size 1024K, 72 young (73728K), 5 survivors (5120K)
 Metaspace       used 38988K, capacity 40072K, committed 40192K, reserved 1085440K
  class space    used 4679K, capacity 5116K, committed 5120K, reserved 1048576K
}
Event: 12.732 GC heap after
{Heap after GC invocations=9 (full 0):
 garbage-first heap   total 131072K, used 16368K [0x0000000081800000, 0x0000000100000000)
  region size 1024K, 7 young (7168K), 7 survivors (7168K)
 Metaspace       used 38988K, capacity 40072K, committed 40192K, reserved 1085440K
  class space    used 4679K, capacity 5116K, committed 5120K, reserved 1048576K
}
Event: 18.038 GC heap before
{Heap before GC invocations=9 (full 0):
 garbage-first heap   total 131072K, used 87024K [0x0000000081800000, 0x0000000100000000)
  region size 1024K, 76 young (77824K), 7 survivors (7168K)
 Metaspace       used 51329K, capacity 52465K, committed 52736K, reserved 1095680K
  class space    used 6395K, capacity 6846K, committed 6912K, reserved 1048576K
}
Event: 18.060 GC heap after
{Heap after GC invocations=10 (full 0):
 garbage-first heap   total 157696K, used 20059K [0x0000000081800000, 0x0000000100000000)
  region size 1024K, 7 young (7168K), 7 survivors (7168K)
 Metaspace       used 51329K, capacity 52465K, committed 52736K, reserved 1095680K
  class space    used 6395K, capacity 6846K, committed 6912K, reserved 1048576K
}
Event: 23.261 GC heap before
{Heap before GC invocations=10 (full 0):
 garbage-first heap   total 157696K, used 88667K [0x0000000081800000, 0x0000000100000000)
  region size 1024K, 75 young (76800K), 7 survivors (7168K)
 Metaspace       used 58333K, capacity 59550K, committed 59776K, reserved 1101824K
  class space    used 7324K, capacity 7790K, committed 7808K, reserved 1048576K
}
Event: 23.280 GC heap after
{Heap after GC invocations=11 (full 0):
 garbage-first heap   total 157696K, used 22260K [0x0000000081800000, 0x0000000100000000)
  region size 1024K, 8 young (8192K), 8 survivors (8192K)
 Metaspace       used 58333K, capacity 59550K, committed 59776K, reserved 1101824K
  class space    used 7324K, capacity 7790K, committed 7808K, reserved 1048576K
}
Event: 157.781 GC heap before
{Heap before GC invocations=12 (full 0):
 garbage-first heap   total 157696K, used 108276K [0x0000000081800000, 0x0000000100000000)
  region size 1024K, 92 young (94208K), 8 survivors (8192K)
 Metaspace       used 67680K, capacity 69310K, committed 69612K, reserved 1110016K
  class space    used 8499K, capacity 9123K, committed 9216K, reserved 1048576K
}
Event: 157.811 GC heap after
{Heap after GC invocations=13 (full 0):
 garbage-first heap   total 157696K, used 28186K [0x0000000081800000, 0x0000000100000000)
  region size 1024K, 12 young (12288K), 12 survivors (12288K)
 Metaspace       used 67680K, capacity 69310K, committed 69612K, reserved 1110016K
  class space    used 8499K, capacity 9123K, committed 9216K, reserved 1048576K
}

